<?xml version="1.0" encoding="UTF-8"?>
<!-- Generated by org.testng.reporters.JUnitXMLReporter -->
<testsuite ignored="0" hostname="KaNz" failures="0" tests="6" name="Default test" time="51.086" errors="0" timestamp="2025-07-03T13:02:43 IST">
  <testcase classname="tests.FlipkartSearchTest" name="searchAndVerifyMobiles" time="5.404"/>
  <testcase classname="tests.FlipkartSearchTest" name="sampleAssertionCheck" time="0.017"/>
  <testcase classname="tests.FlipkartSearchTest" name="searchProductTest" time="2.537"/>
  <testcase classname="tests.FlipkartSearchTest" name="searchProductTest" time="3.096"/>
  <testcase classname="tests.FlipkartSearchTest" name="searchProductTest" time="2.976"/>
  <testcase classname="tests.FlipkartSearchTest" name="searchProductTest" time="3.106"/>
</testsuite> <!-- Default test -->
