<?xml version="1.0" encoding="UTF-8"?>
<testng-results ignored="0" total="6" passed="6" failed="0" skipped="0">
  <reporter-output>
  </reporter-output>
  <suite started-at="2025-07-03T13:01:52 IST" name="Default suite" finished-at="2025-07-03T13:02:43 IST" duration-ms="51086">
    <groups>
    </groups>
    <test started-at="2025-07-03T13:01:52 IST" name="Default test" finished-at="2025-07-03T13:02:43 IST" duration-ms="51086">
      <class name="tests.FlipkartSearchTest">
        <test-method is-config="true" signature="setup()[pri:0, instance:tests.FlipkartSearchTest@3eb25e1a]" started-at="2025-07-03T13:01:52 IST" name="setup" finished-at="2025-07-03T13:01:58 IST" duration-ms="5687" status="PASS">
          <reporter-output>
          </reporter-output>
        </test-method> <!-- setup -->
        <test-method signature="searchAndVerifyMobiles()[pri:1, instance:tests.FlipkartSearchTest@3eb25e1a]" started-at="2025-07-03T13:01:58 IST" name="searchAndVerifyMobiles" finished-at="2025-07-03T13:02:03 IST" duration-ms="5404" status="PASS">
          <reporter-output>
          </reporter-output>
        </test-method> <!-- searchAndVerifyMobiles -->
        <test-method is-config="true" signature="teardown()[pri:0, instance:tests.FlipkartSearchTest@3eb25e1a]" started-at="2025-07-03T13:02:03 IST" name="teardown" finished-at="2025-07-03T13:02:03 IST" duration-ms="304" status="PASS">
          <reporter-output>
          </reporter-output>
        </test-method> <!-- teardown -->
        <test-method is-config="true" signature="setup()[pri:0, instance:tests.FlipkartSearchTest@3eb25e1a]" started-at="2025-07-03T13:02:03 IST" name="setup" finished-at="2025-07-03T13:02:08 IST" duration-ms="5023" status="PASS">
          <reporter-output>
          </reporter-output>
        </test-method> <!-- setup -->
        <test-method signature="sampleAssertionCheck()[pri:2, instance:tests.FlipkartSearchTest@3eb25e1a]" started-at="2025-07-03T13:02:08 IST" name="sampleAssertionCheck" finished-at="2025-07-03T13:02:08 IST" duration-ms="17" status="PASS">
          <reporter-output>
          </reporter-output>
        </test-method> <!-- sampleAssertionCheck -->
        <test-method is-config="true" signature="teardown()[pri:0, instance:tests.FlipkartSearchTest@3eb25e1a]" started-at="2025-07-03T13:02:08 IST" name="teardown" finished-at="2025-07-03T13:02:09 IST" duration-ms="289" status="PASS">
          <reporter-output>
          </reporter-output>
        </test-method> <!-- teardown -->
        <test-method is-config="true" signature="setup()[pri:0, instance:tests.FlipkartSearchTest@3eb25e1a]" started-at="2025-07-03T13:02:11 IST" name="setup" finished-at="2025-07-03T13:02:15 IST" duration-ms="4601" status="PASS">
          <reporter-output>
          </reporter-output>
        </test-method> <!-- setup -->
        <test-method signature="searchProductTest(java.lang.String)[pri:3, instance:tests.FlipkartSearchTest@3eb25e1a]" started-at="2025-07-03T13:02:15 IST" name="searchProductTest" data-provider="productData" finished-at="2025-07-03T13:02:18 IST" duration-ms="2537" status="PASS">
          <params>
            <param index="0">
              <value>
                <![CDATA[Samsung]]>
              </value>
            </param>
          </params>
          <reporter-output>
          </reporter-output>
        </test-method> <!-- searchProductTest -->
        <test-method is-config="true" signature="teardown()[pri:0, instance:tests.FlipkartSearchTest@3eb25e1a]" started-at="2025-07-03T13:02:18 IST" name="teardown" finished-at="2025-07-03T13:02:18 IST" duration-ms="230" status="PASS">
          <reporter-output>
          </reporter-output>
        </test-method> <!-- teardown -->
        <test-method is-config="true" signature="setup()[pri:0, instance:tests.FlipkartSearchTest@3eb25e1a]" started-at="2025-07-03T13:02:18 IST" name="setup" finished-at="2025-07-03T13:02:23 IST" duration-ms="5076" status="PASS">
          <reporter-output>
          </reporter-output>
        </test-method> <!-- setup -->
        <test-method signature="searchProductTest(java.lang.String)[pri:3, instance:tests.FlipkartSearchTest@3eb25e1a]" started-at="2025-07-03T13:02:23 IST" name="searchProductTest" data-provider="productData" finished-at="2025-07-03T13:02:26 IST" duration-ms="3096" status="PASS">
          <params>
            <param index="0">
              <value>
                <![CDATA[iPhone]]>
              </value>
            </param>
          </params>
          <reporter-output>
          </reporter-output>
        </test-method> <!-- searchProductTest -->
        <test-method is-config="true" signature="teardown()[pri:0, instance:tests.FlipkartSearchTest@3eb25e1a]" started-at="2025-07-03T13:02:26 IST" name="teardown" finished-at="2025-07-03T13:02:27 IST" duration-ms="235" status="PASS">
          <reporter-output>
          </reporter-output>
        </test-method> <!-- teardown -->
        <test-method is-config="true" signature="setup()[pri:0, instance:tests.FlipkartSearchTest@3eb25e1a]" started-at="2025-07-03T13:02:27 IST" name="setup" finished-at="2025-07-03T13:02:31 IST" duration-ms="4523" status="PASS">
          <reporter-output>
          </reporter-output>
        </test-method> <!-- setup -->
        <test-method signature="searchProductTest(java.lang.String)[pri:3, instance:tests.FlipkartSearchTest@3eb25e1a]" started-at="2025-07-03T13:02:31 IST" name="searchProductTest" data-provider="productData" finished-at="2025-07-03T13:02:34 IST" duration-ms="2976" status="PASS">
          <params>
            <param index="0">
              <value>
                <![CDATA[Realme]]>
              </value>
            </param>
          </params>
          <reporter-output>
          </reporter-output>
        </test-method> <!-- searchProductTest -->
        <test-method is-config="true" signature="teardown()[pri:0, instance:tests.FlipkartSearchTest@3eb25e1a]" started-at="2025-07-03T13:02:34 IST" name="teardown" finished-at="2025-07-03T13:02:34 IST" duration-ms="222" status="PASS">
          <reporter-output>
          </reporter-output>
        </test-method> <!-- teardown -->
        <test-method is-config="true" signature="setup()[pri:0, instance:tests.FlipkartSearchTest@3eb25e1a]" started-at="2025-07-03T13:02:34 IST" name="setup" finished-at="2025-07-03T13:02:40 IST" duration-ms="5353" status="PASS">
          <reporter-output>
          </reporter-output>
        </test-method> <!-- setup -->
        <test-method signature="searchProductTest(java.lang.String)[pri:3, instance:tests.FlipkartSearchTest@3eb25e1a]" started-at="2025-07-03T13:02:40 IST" name="searchProductTest" data-provider="productData" finished-at="2025-07-03T13:02:43 IST" duration-ms="3106" status="PASS">
          <params>
            <param index="0">
              <value>
                <![CDATA[Poco]]>
              </value>
            </param>
          </params>
          <reporter-output>
          </reporter-output>
        </test-method> <!-- searchProductTest -->
        <test-method is-config="true" signature="teardown()[pri:0, instance:tests.FlipkartSearchTest@3eb25e1a]" started-at="2025-07-03T13:02:43 IST" name="teardown" finished-at="2025-07-03T13:02:43 IST" duration-ms="265" status="PASS">
          <reporter-output>
          </reporter-output>
        </test-method> <!-- teardown -->
      </class> <!-- tests.FlipkartSearchTest -->
    </test> <!-- Default test -->
  </suite> <!-- Default suite -->
</testng-results>
